
0.0.5

  * packaging: Add packages for rpm/deb/msi

  - mh-cbon <mh-cbon@users.noreply.github.com>

-- mh-cbon <mh-cbon@users.noreply.github.com>; Sat, 23 Jul 2016 15:44:05 +0200



0.0.4-beta6

  * appveyor: update go-msi version

  - mh-cbon <mh-cbon@users.noreply.github.com>

-- mh-cbon <mh-cbon@users.noreply.github.com>; Sat, 23 Jul 2016 15:43:52 +0200



0.0.4-beta5

  * appveyor: update go-msi version

  - mh-cbon <mh-cbon@users.noreply.github.com>

-- mh-cbon <mh-cbon@users.noreply.github.com>; Sat, 23 Jul 2016 15:38:46 +0200



0.0.4-beta4

  * appveyor: fix checkout command which can t use env variable

  - mh-cbon <mh-cbon@users.noreply.github.com>

-- mh-cbon <mh-cbon@users.noreply.github.com>; Sat, 23 Jul 2016 15:11:25 +0200



0.0.4-beta3

  * appveyor: fix yml indentation

  - mh-cbon <mh-cbon@users.noreply.github.com>

-- mh-cbon <mh-cbon@users.noreply.github.com>; Sat, 23 Jul 2016 15:09:41 +0200



0.0.4-beta2

  * empty: trigger build on appveyor ci

  - mh-cbon <mh-cbon@users.noreply.github.com>

-- mh-cbon <mh-cbon@users.noreply.github.com>; Sat, 23 Jul 2016 12:14:40 +0200



0.0.4-beta1

  * release: fix wrong repo name in release script

  - mh-cbon <mh-cbon@users.noreply.github.com>

-- mh-cbon <mh-cbon@users.noreply.github.com>; Sat, 23 Jul 2016 12:14:22 +0200



0.0.4-beta

  * glide: fix dependency

  - mh-cbon <mh-cbon@users.noreply.github.com>

-- mh-cbon <mh-cbon@users.noreply.github.com>; Sat, 23 Jul 2016 11:58:47 +0200



0.0.3

  * add -q option to ensure the commit does not fail
  * update release flow

  - mh-cbon <mh-cbon@users.noreply.github.com>

-- mh-cbon <mh-cbon@users.noreply.github.com>; Mon, 11 Jul 2016 15:22:23 +0200



0.0.2

  * fix imports
  * update release script

  - mh-cbon <mh-cbon@users.noreply.github.com>

-- mh-cbon <mh-cbon@users.noreply.github.com>; Mon, 13 Jun 2016 22:02:49 +0200



0.0.1

  * Initial release

  - mh-cbon <mh-cbon@users.noreply.github.com>

-- mh-cbon <mh-cbon@users.noreply.github.com>; Mon, 13 Jun 2016 21:25:59 +0200


